2021-07-29 19:39:56: -- Analysis Started by Analyze And Sync All
2021-07-29 19:39:56: Changes: 20, Conflicts: 0, CopyTime: 0, CopyState: 0/0, Errors: 0, All: 156
2021-07-29 19:39:56: Left to Right: Copy File: 18 Delete File: 2 
2021-07-29 19:39:56: == Sync Started by Analyze And Sync All
2021-07-29 19:39:56: Delete File 'Q:/CEO/Capitulo_1.ipynb'
2021-07-29 19:39:56: Delete File 'Q:/CEO/Capitulo_2.ipynb'
2021-07-29 19:39:56: Copy New 'F:/CE/.ipynb_checkpoints/Capitulo_1-1-checkpoint.ipynb' -> 'Q:/CEO/.ipynb_checkpoints/Capitulo_1-1-checkpoint.ipynb'
2021-07-29 19:39:56: Copy New 'F:/CE/.ipynb_checkpoints/Capitulo_1-2-checkpoint.ipynb' -> 'Q:/CEO/.ipynb_checkpoints/Capitulo_1-2-checkpoint.ipynb'
2021-07-29 19:39:56: Copy New 'F:/CE/.ipynb_checkpoints/Capitulo_2-1-checkpoint.ipynb' -> 'Q:/CEO/.ipynb_checkpoints/Capitulo_2-1-checkpoint.ipynb'
2021-07-29 19:39:56: Copy New 'F:/CE/.ipynb_checkpoints/Capitulo_2-2-checkpoint.ipynb' -> 'Q:/CEO/.ipynb_checkpoints/Capitulo_2-2-checkpoint.ipynb'
2021-07-29 19:39:56: Copy Over 'F:/CE/.ipynb_checkpoints/Capitulo_2-checkpoint.ipynb' -> 'Q:/CEO/.ipynb_checkpoints/Capitulo_2-checkpoint.ipynb'
2021-07-29 19:39:56: Copy New 'F:/CE/Capitulo_1-1.ipynb' -> 'Q:/CEO/Capitulo_1-1.ipynb'
2021-07-29 19:39:56: Copy New 'F:/CE/Capitulo_1-2.ipynb' -> 'Q:/CEO/Capitulo_1-2.ipynb'
2021-07-29 19:39:56: Copy New 'F:/CE/Capitulo_2-1.ipynb' -> 'Q:/CEO/Capitulo_2-1.ipynb'
2021-07-29 19:39:56: Copy New 'F:/CE/Capitulo_2-2.ipynb' -> 'Q:/CEO/Capitulo_2-2.ipynb'
2021-07-29 19:39:56: Copy New 'F:/CE/images2/associativa.jpg' -> 'Q:/CEO/images2/associativa.jpg'
2021-07-29 19:39:56: Copy New 'F:/CE/images2/complementares.jpg' -> 'Q:/CEO/images2/complementares.jpg'
2021-07-29 19:39:56: Copy New 'F:/CE/images2/comutativa.jpg' -> 'Q:/CEO/images2/comutativa.jpg'
2021-07-29 19:39:56: Copy New 'F:/CE/images2/conjunto_a.jpg' -> 'Q:/CEO/images2/conjunto_a.jpg'
2021-07-29 19:39:56: Copy New 'F:/CE/images2/distributiva1.jpg' -> 'Q:/CEO/images2/distributiva1.jpg'
2021-07-29 19:39:56: Copy New 'F:/CE/images2/distributiva2.jpg' -> 'Q:/CEO/images2/distributiva2.jpg'
2021-07-29 19:39:56: Copy New 'F:/CE/images2/elos_em_cadeia.jpg' -> 'Q:/CEO/images2/elos_em_cadeia.jpg'
2021-07-29 19:39:56: Copy New 'F:/CE/images2/regra_de_Morgan.jpg' -> 'Q:/CEO/images2/regra_de_Morgan.jpg'
2021-07-29 19:39:56: Copy Over 'F:/CE/README.md' -> 'Q:/CEO/README.md'
2021-07-29 19:39:56: == Sync Complete. Time: 00:00:00, Speed: 0 bytes/s, OK: 20, Errors: 0
2021-07-29 19:39:56: 
