2021-09-06 23:31:26: -- Analysis Started by Analyze And Sync All
2021-09-06 23:31:26: Changes: 16, Conflicts: 0, CopyTime: 0, CopyState: 0/0, Errors: 0, All: 232
2021-09-06 23:31:26: Left to Right: Copy File: 16 
2021-09-06 23:31:26: == Sync Started by Analyze And Sync All
2021-09-06 23:31:26: Create Folder 'Q:/CEO/images6'
2021-09-06 23:31:26: Copy Over 'F:/CE/.ipynb_checkpoints/Capitulo_5-1-checkpoint.ipynb' -> 'Q:/CEO/.ipynb_checkpoints/Capitulo_5-1-checkpoint.ipynb'
2021-09-06 23:31:26: Copy New 'F:/CE/.ipynb_checkpoints/Capitulo_6-1-checkpoint.ipynb' -> 'Q:/CEO/.ipynb_checkpoints/Capitulo_6-1-checkpoint.ipynb'
2021-09-06 23:31:26: Copy Over 'F:/CE/Capitulo_5-1.ipynb' -> 'Q:/CEO/Capitulo_5-1.ipynb'
2021-09-06 23:31:26: Copy New 'F:/CE/Capitulo_6-1.ipynb' -> 'Q:/CEO/Capitulo_6-1.ipynb'
2021-09-06 23:31:26: Copy New 'F:/CE/images6/entrada_modelo_saida.jpg' -> 'Q:/CEO/images6/entrada_modelo_saida.jpg'
2021-09-06 23:31:26: Copy New 'F:/CE/images6/lognormal.jpg' -> 'Q:/CEO/images6/lognormal.jpg'
2021-09-06 23:31:26: Copy New 'F:/CE/images6/modelo.jpg' -> 'Q:/CEO/images6/modelo.jpg'
2021-09-06 23:31:26: Copy New 'F:/CE/images6/modelo_plataforma.jpg' -> 'Q:/CEO/images6/modelo_plataforma.jpg'
2021-09-06 23:31:26: Copy New 'F:/CE/images6/monte_carlo.jpg' -> 'Q:/CEO/images6/monte_carlo.jpg'
2021-09-06 23:31:26: Copy New 'F:/CE/images6/monte_carlo_fluxograma.jpg' -> 'Q:/CEO/images6/monte_carlo_fluxograma.jpg'
2021-09-06 23:31:26: Copy New 'F:/CE/images6/plataforma.jpg' -> 'Q:/CEO/images6/plataforma.jpg'
2021-09-06 23:31:26: Copy New 'F:/CE/images6/probability_distributions.jpg' -> 'Q:/CEO/images6/probability_distributions.jpg'
2021-09-06 23:31:26: Copy New 'F:/CE/images6/resposta_aleatoria.jpg' -> 'Q:/CEO/images6/resposta_aleatoria.jpg'
2021-09-06 23:31:26: Copy New 'F:/CE/images6/simulations.jpg' -> 'Q:/CEO/images6/simulations.jpg'
2021-09-06 23:31:26: Copy Over 'F:/CE/README.md' -> 'Q:/CEO/README.md'
2021-09-06 23:31:26: == Sync Complete. Time: 00:00:00, Speed: 0 bytes/s, OK: 16, Errors: 0
2021-09-06 23:31:26: 
