2021-07-28 19:25:16: -- Analysis Started by Analyze And Sync All
2021-07-28 19:25:16: Changes: 126, Conflicts: 0, CopyTime: 0, CopyState: 0/0, Errors: 0, All: 140
2021-07-28 19:25:16: Left to Right: Copy File: 26 Delete File: 4 Rename/Move File/Folder: 96 
2021-07-28 19:25:16: == Sync Started by Analyze And Sync All
2021-07-28 19:25:16: 94% (126 / 134) files have changed, more than a threshold of 50%. So the job will not synchronize automatically.
2021-07-28 19:25:16: 
2021-07-28 19:25:29: == Sync Started by User
2021-07-28 19:25:29: Delete File 'Q:/CEO/Capítulo 1.ppt'
2021-07-28 19:25:29: Delete File 'Q:/CEO/images/fc_dique_seco_rg.jpg'
2021-07-28 19:25:29: Delete File 'Q:/CEO/images/histograma.JPG'
2021-07-28 19:25:29: Create Folder 'Q:/CEO/images1'
2021-07-28 19:25:29: Create Folder 'Q:/CEO/images2'
2021-07-28 19:25:29: Copy Over 'F:/CE/.ipynb_checkpoints/Capitulo_1-checkpoint.ipynb' -> 'Q:/CEO/.ipynb_checkpoints/Capitulo_1-checkpoint.ipynb'
2021-07-28 19:25:29: Copy New 'F:/CE/.ipynb_checkpoints/Capitulo_2-checkpoint.ipynb' -> 'Q:/CEO/.ipynb_checkpoints/Capitulo_2-checkpoint.ipynb'
2021-07-28 19:25:30: Copy Over 'F:/CE/Capitulo_1.ipynb' -> 'Q:/CEO/Capitulo_1.ipynb'
2021-07-28 19:25:30: Copy New 'F:/CE/Capitulo_2.ipynb' -> 'Q:/CEO/Capitulo_2.ipynb'
2021-07-28 19:25:30: Copy New 'F:/CE/Capítulo 1.pdf' -> 'Q:/CEO/Capítulo 1.pdf'
2021-07-28 19:25:30: Copy New 'F:/CE/Capítulo 2-1.pdf' -> 'Q:/CEO/Capítulo 2-1.pdf'
2021-07-28 19:25:30: Copy New 'F:/CE/Capítulo 2-2.pdf' -> 'Q:/CEO/Capítulo 2-2.pdf'
2021-07-28 19:25:30: Move File Q:/CEO/images/afastamento.jpg -> Q:/CEO/images1/afastamento.jpg
2021-07-28 19:25:30: Move File Q:/CEO/images/banqiao_dam.png -> Q:/CEO/images1/banqiao_dam.png
2021-07-28 19:25:30: Move File Q:/CEO/images/beta.jpg -> Q:/CEO/images1/beta.jpg
2021-07-28 19:25:30: Move File Q:/CEO/images/beta_geometric.jpg -> Q:/CEO/images1/beta_geometric.jpg
2021-07-28 19:25:30: Move File Q:/CEO/images/beta_pf.jpg -> Q:/CEO/images1/beta_pf.jpg
2021-07-28 19:25:30: Move File Q:/CEO/images/beta_plano_tangente.jpg -> Q:/CEO/images1/beta_plano_tangente.jpg
2021-07-28 19:25:30: Move File Q:/CEO/images/brumadinho.png -> Q:/CEO/images1/brumadinho.png
2021-07-28 19:25:30: Move File Q:/CEO/images/burj_khalifa.jpg -> Q:/CEO/images1/burj_khalifa.jpg
2021-07-28 19:25:30: Move File Q:/CEO/images/channel-tunnel.jpg -> Q:/CEO/images1/channel-tunnel.jpg
2021-07-28 19:25:30: Move File Q:/CEO/images/chernobyl.jpg -> Q:/CEO/images1/chernobyl.jpg
2021-07-28 19:25:30: Move File Q:/CEO/images/deepwater_horizon.jpg -> Q:/CEO/images1/deepwater_horizon.jpg
2021-07-28 19:25:30: Move File Q:/CEO/images/demanda_capacidade.jpg -> Q:/CEO/images1/demanda_capacidade.jpg
2021-07-28 19:25:30: Move File Q:/CEO/images/design_point.jpg -> Q:/CEO/images1/design_point.jpg
2021-07-28 19:25:30: Move File Q:/CEO/images/dispersao.jpg -> Q:/CEO/images1/dispersao.jpg
2021-07-28 19:25:30: Move File Q:/CEO/images/engineering_design.jpg -> Q:/CEO/images1/engineering_design.jpg
2021-07-28 19:25:30: Move File Q:/CEO/images/ensaio_compressão.jpg -> Q:/CEO/images1/ensaio_compressão.jpg
2021-07-28 19:25:30: Move File Q:/CEO/images/exemplos_confiabilidade.jpg -> Q:/CEO/images1/exemplos_confiabilidade.jpg
2021-07-28 19:25:30: Move File Q:/CEO/images/form.jpg -> Q:/CEO/images1/form.jpg
2021-07-28 19:25:30: Move File Q:/CEO/images/gameleira.png -> Q:/CEO/images1/gameleira.png
2021-07-28 19:25:30: Move File Q:/CEO/images/golden_gate_bridge.jpg -> Q:/CEO/images1/golden_gate_bridge.jpg
2021-07-28 19:25:30: Move File Q:/CEO/images/hidreletrica_itaipu.jpg -> Q:/CEO/images1/hidreletrica_itaipu.jpg
2021-07-28 19:25:30: Move File Q:/CEO/images/hidrelétrica_itaipu.jpg -> Q:/CEO/images1/hidrelétrica_itaipu.jpg
2021-07-28 19:25:30: Move File Q:/CEO/images/incerteza_risco.jpg -> Q:/CEO/images1/incerteza_risco.jpg
2021-07-28 19:25:30: Move File Q:/CEO/images/metro_linha_4.jpg -> Q:/CEO/images1/metro_linha_4.jpg
2021-07-28 19:25:30: Move File Q:/CEO/images/millennium_palace.jpg -> Q:/CEO/images1/millennium_palace.jpg
2021-07-28 19:25:30: Move File Q:/CEO/images/modelo_navio_ondas.jpg -> Q:/CEO/images1/modelo_navio_ondas.jpg
2021-07-28 19:25:30: Move File Q:/CEO/images/monte_carlo.jpg -> Q:/CEO/images1/monte_carlo.jpg
2021-07-28 19:25:30: Move File Q:/CEO/images/new_orleans.png -> Q:/CEO/images1/new_orleans.png
2021-07-28 19:25:30: Move File Q:/CEO/images/normal_lognormal.jpg -> Q:/CEO/images1/normal_lognormal.jpg
2021-07-28 19:25:30: Move File Q:/CEO/images/offshore_structure.jpg -> Q:/CEO/images1/offshore_structure.jpg
2021-07-28 19:25:30: Move File Q:/CEO/images/palaceii.jpg -> Q:/CEO/images1/palaceii.jpg
2021-07-28 19:25:30: Move File Q:/CEO/images/pdf_m.jpg -> Q:/CEO/images1/pdf_m.jpg
2021-07-28 19:25:30: Move File Q:/CEO/images/pdf_S_R.jpg -> Q:/CEO/images1/pdf_S_R.jpg
2021-07-28 19:25:30: Move File Q:/CEO/images/ponte_estaiada.jpg -> Q:/CEO/images1/ponte_estaiada.jpg
2021-07-28 19:25:30: Move File Q:/CEO/images/ponte_rio-niteroi.jpg -> Q:/CEO/images1/ponte_rio-niteroi.jpg
2021-07-28 19:25:30: Move File Q:/CEO/images/probabilidade_de_falha.jpg -> Q:/CEO/images1/probabilidade_de_falha.jpg
2021-07-28 19:25:30: Move File Q:/CEO/images/problema_da_confiabilidade.jpg -> Q:/CEO/images1/problema_da_confiabilidade.jpg
2021-07-28 19:25:30: Move File Q:/CEO/images/projeto_em_engenharia.jpg -> Q:/CEO/images1/projeto_em_engenharia.jpg
2021-07-28 19:25:30: Move File Q:/CEO/images/qingdao-haiwan_bridge.jpg -> Q:/CEO/images1/qingdao-haiwan_bridge.jpg
2021-07-28 19:25:30: Move File Q:/CEO/images/real_class.jpg -> Q:/CEO/images1/real_class.jpg
2021-07-28 19:25:30: Move File Q:/CEO/images/resistencia.jpg -> Q:/CEO/images1/resistencia.jpg
2021-07-28 19:25:30: Move File Q:/CEO/images/salvadori_mother-in-law.jpg -> Q:/CEO/images1/salvadori_mother-in-law.jpg
2021-07-28 19:25:30: Move File Q:/CEO/images/seta_para_baixo.jpg -> Q:/CEO/images1/seta_para_baixo.jpg
2021-07-28 19:25:30: Move File Q:/CEO/images/solicitacao.jpg -> Q:/CEO/images1/solicitacao.jpg
2021-07-28 19:25:30: Move File Q:/CEO/images/tacoma-narrows-bridge.jpg -> Q:/CEO/images1/tacoma-narrows-bridge.jpg
2021-07-28 19:25:30: Move File Q:/CEO/images/three_gorges_dam.jpg -> Q:/CEO/images1/three_gorges_dam.jpg
2021-07-28 19:25:30: Move File Q:/CEO/images/viaduto_do_exercito.jpg -> Q:/CEO/images1/viaduto_do_exercito.jpg
2021-07-28 19:25:30: Move File Q:/CEO/images/why_buildings_fall_down.jpg -> Q:/CEO/images1/why_buildings_fall_down.jpg
2021-07-28 19:25:30: Delete Folder 'Q:/CEO/images'
2021-07-28 19:25:30: Copy New 'F:/CE/images1/fc_dique_seco_rg.jpg' -> 'Q:/CEO/images1/fc_dique_seco_rg.jpg'
2021-07-28 19:25:30: Copy New 'F:/CE/images1/histograma_fc.JPG' -> 'Q:/CEO/images1/histograma_fc.JPG'
2021-07-28 19:25:30: Copy New 'F:/CE/images1/tensioned_bar.jpg' -> 'Q:/CEO/images1/tensioned_bar.jpg'
2021-07-28 19:25:30: Copy New 'F:/CE/images2/bulldozer.png' -> 'Q:/CEO/images2/bulldozer.png'
2021-07-28 19:25:30: Copy New 'F:/CE/images2/coletivamente_exaustivos.jpg' -> 'Q:/CEO/images2/coletivamente_exaustivos.jpg'
2021-07-28 19:25:30: Copy New 'F:/CE/images2/concorrencias_diferentes.jpg' -> 'Q:/CEO/images2/concorrencias_diferentes.jpg'
2021-07-28 19:25:30: Copy New 'F:/CE/images2/diagram_venn.jpg' -> 'Q:/CEO/images2/diagram_venn.jpg'
2021-07-28 19:25:30: Copy New 'F:/CE/images2/exaustivos.jpg' -> 'Q:/CEO/images2/exaustivos.jpg'
2021-07-28 19:25:30: Copy New 'F:/CE/images2/exclusivos.jpg' -> 'Q:/CEO/images2/exclusivos.jpg'
2021-07-28 19:25:30: Copy New 'F:/CE/images2/good_bad.jpg' -> 'Q:/CEO/images2/good_bad.jpg'
2021-07-28 19:25:30: Copy New 'F:/CE/images2/interseccao.jpg' -> 'Q:/CEO/images2/interseccao.jpg'
2021-07-28 19:25:30: Copy New 'F:/CE/images2/intervalo.jpg' -> 'Q:/CEO/images2/intervalo.jpg'
2021-07-28 19:25:30: Copy New 'F:/CE/images2/mesma_concorrencia.jpg' -> 'Q:/CEO/images2/mesma_concorrencia.jpg'
2021-07-28 19:25:30: Copy New 'F:/CE/images2/probabilidade.jpg' -> 'Q:/CEO/images2/probabilidade.jpg'
2021-07-28 19:25:30: Copy New 'F:/CE/images2/uniao.jpg' -> 'Q:/CEO/images2/uniao.jpg'
2021-07-28 19:25:30: Copy New 'F:/CE/images2/viga_biapoiada.jpg' -> 'Q:/CEO/images2/viga_biapoiada.jpg'
2021-07-28 19:25:30: Copy Over 'F:/CE/README.md' -> 'Q:/CEO/README.md'
2021-07-28 19:25:30: == Sync Complete. Time: 00:00:01, Speed: 8.83 MB/s, OK: 126, Errors: 0
2021-07-28 19:25:30: 
