2021-09-30 20:10:57: -- Analysis Started by Analyze And Sync All
2021-09-30 20:10:57: Changes: 4, Conflicts: 0, CopyTime: 0, CopyState: 0/0, Errors: 0, All: 242
2021-09-30 20:10:57: Left to Right: Copy File: 4 
2021-09-30 20:10:58: == Sync Started by Analyze And Sync All
2021-09-30 20:10:58: Copy Over 'F:/CE/.ipynb_checkpoints/Capitulo_5-1-checkpoint.ipynb' -> 'Q:/CEO/.ipynb_checkpoints/Capitulo_5-1-checkpoint.ipynb'
2021-09-30 20:10:58: Copy New 'F:/CE/.ipynb_checkpoints/Capitulo_7-1-checkpoint.ipynb' -> 'Q:/CEO/.ipynb_checkpoints/Capitulo_7-1-checkpoint.ipynb'
2021-09-30 20:10:58: Copy Over 'F:/CE/Capitulo_5-1.ipynb' -> 'Q:/CEO/Capitulo_5-1.ipynb'
2021-09-30 20:10:58: Copy Over 'F:/CE/Capitulo_7-1.ipynb' -> 'Q:/CEO/Capitulo_7-1.ipynb'
2021-09-30 20:10:58: Deleted Recycled: Q:/CEO/_gsdata_/_saved_/images4/torre.jpg
2021-09-30 20:10:58: Deleted Recycled: Q:/CEO/_gsdata_/_saved_/Capítulo 2-2.pdf
2021-09-30 20:10:58: Deleted Recycled: Q:/CEO/_gsdata_/_saved_/.ipynb_checkpoints/Capitulo_2-1-checkpoint.ipynb
2021-09-30 20:10:58: Deleted Recycled: Q:/CEO/_gsdata_/_saved_/Capitulo_2-1.ipynb
2021-09-30 20:10:58: Deleted Recycled: Q:/CEO/_gsdata_/_saved_/Capitulo_2-2.ipynb
2021-09-30 20:10:58: Deleted Recycled: Q:/CEO/_gsdata_/_saved_/.ipynb_checkpoints/Capitulo_2-2-checkpoint.ipynb
2021-09-30 20:10:58: Deleted Recycled: Q:/CEO/_gsdata_/_saved_/Capitulo_1-1.ipynb
2021-09-30 20:10:58: Deleted Recycled: Q:/CEO/_gsdata_/_saved_/images4/cargas_pilares.jpg
2021-09-30 20:10:58: Deleted Recycled: Q:/CEO/_gsdata_/_saved_/.ipynb_checkpoints/Capitulo_1-1-checkpoint.ipynb
2021-09-30 20:10:58: Deleted Recycled: Q:/CEO/_gsdata_/_saved_/.ipynb_checkpoints/Capitulo_4-1-checkpoint.ipynb
2021-09-30 20:10:58: Deleted Recycled: Q:/CEO/_gsdata_/_saved_/.ipynb_checkpoints/Capitulo_1-2-checkpoint.ipynb
2021-09-30 20:10:58: Deleted Recycled: Q:/CEO/_gsdata_/_saved_/.ipynb_checkpoints/Capitulo_4-2-checkpoint.ipynb
2021-09-30 20:10:58: Deleted Recycled: Q:/CEO/_gsdata_/_saved_/.ipynb_checkpoints/Capitulo_3-1-checkpoint.ipynb
2021-09-30 20:10:58: Deleted Recycled: Q:/CEO/_gsdata_/_saved_/Capítulo 1.pdf
2021-09-30 20:10:58: Deleted Recycled: Q:/CEO/_gsdata_/_saved_/Capítulo 3 - 2021.pdf
2021-09-30 20:10:58: Deleted Recycled: Q:/CEO/_gsdata_/_saved_/.ipynb_checkpoints/Capitulo_3-2-checkpoint.ipynb
2021-09-30 20:10:58: Deleted Recycled: Q:/CEO/_gsdata_/_saved_/Capítulo 2-1.pdf
2021-09-30 20:10:58: == Sync Complete. Time: 00:00:00, Speed: 0 bytes/s, OK: 4, Errors: 0
2021-09-30 20:10:58: 
