2021-08-20 18:26:00: -- Analysis Started by Analyze And Sync All
2021-08-20 18:26:00: Changes: 5, Conflicts: 0, CopyTime: 0, CopyState: 0/0, Errors: 0, All: 208
2021-08-20 18:26:00: Left to Right: Copy File: 5 
2021-08-20 18:26:00: == Sync Started by Analyze And Sync All
2021-08-20 18:26:00: Create Folder 'Q:/CEO/images4'
2021-08-20 18:26:00: Copy Over 'F:/CE/.ipynb_checkpoints/Capitulo_4-1-checkpoint.ipynb' -> 'Q:/CEO/.ipynb_checkpoints/Capitulo_4-1-checkpoint.ipynb'
2021-08-20 18:26:00: Copy Over 'F:/CE/Capitulo_4-1.ipynb' -> 'Q:/CEO/Capitulo_4-1.ipynb'
2021-08-20 18:26:00: Copy New 'F:/CE/images4/dique.jpg' -> 'Q:/CEO/images4/dique.jpg'
2021-08-20 18:26:00: Copy New 'F:/CE/images4/fetch.jpg' -> 'Q:/CEO/images4/fetch.jpg'
2021-08-20 18:26:01: Deleted Recycled: Q:/CEO/_gsdata_/_saved_/images/burj_khalifa.jpg
2021-08-20 18:26:01: Deleted Recycled: Q:/CEO/_gsdata_/_saved_/images/channel-tunnel.jpg
2021-08-20 18:26:01: Deleted Recycled: Q:/CEO/_gsdata_/_saved_/images/ponte_estaiada.jpg
2021-08-20 18:26:01: Deleted Recycled: Q:/CEO/_gsdata_/_saved_/.ipynb_checkpoints/Capítulo_1-checkpoint.ipynb
2021-08-20 18:26:01: Deleted Recycled: Q:/CEO/_gsdata_/_saved_/Capítulo_1.ipynb
2021-08-20 18:26:01: Deleted Recycled: Q:/CEO/_gsdata_/_saved_/images/three_gorges_dam.jpg
2021-08-20 18:26:01: Deleted Recycled: Q:/CEO/_gsdata_/_saved_/images/qingdao-haiwan_bridge.jpg
2021-08-20 18:26:01: Deleted Recycled: Q:/CEO/_gsdata_/_saved_/images/ensaio_compressão.jpg
2021-08-20 18:26:01: Deleted Recycled: Q:/CEO/_gsdata_/_saved_/images/golden_gate_bridge.jpg
2021-08-20 18:26:01: == Sync Complete. Time: 00:00:01, Speed: 0 bytes/s, OK: 5, Errors: 0
2021-08-20 18:26:01: 
